<?xml version="1.0" encoding="UTF-8"?>
<!-- Generated by org.testng.reporters.JUnitReportReporter -->
<testsuite skipped="0" hostname="DESKTOP-NUGJHN9" name="com.mertyazilim.tests.ShopPageTest" tests="3" failures="0" timestamp="2021-12-04T18:04:11 EET" time="60.325" errors="0">
  <testcase name="testApplyingSortOrder" time="23.335" classname="com.mertyazilim.tests.ShopPageTest"/>
  <system-out/>
  <testcase name="testApplyingSortOrder" time="18.786" classname="com.mertyazilim.tests.ShopPageTest"/>
  <system-out/>
  <testcase name="testApplyingSortOrder" time="18.204" classname="com.mertyazilim.tests.ShopPageTest"/>
  <system-out/>
</testsuite> <!-- com.mertyazilim.tests.ShopPageTest -->
