<?xml version="1.0" encoding="UTF-8"?>
<!-- Generated by org.testng.reporters.JUnitReportReporter -->
<testsuite skipped="0" hostname="DESKTOP-NUGJHN9" name="com.mertyazilim.tests.CheckoutWithSignIN" tests="1" failures="0" timestamp="2021-12-04T18:34:20 EET" time="107.726" errors="0">
  <testcase name="testCheckout" time="107.726" classname="com.mertyazilim.tests.CheckoutWithSignIN"/>
  <system-out/>
</testsuite> <!-- com.mertyazilim.tests.CheckoutWithSignIN -->
