<?xml version="1.0" encoding="UTF-8"?>
<!-- Generated by org.testng.reporters.JUnitReportReporter -->
<testsuite skipped="0" hostname="DESKTOP-NUGJHN9" name="com.mertyazilim.tests.CheckoutWithSignIN" tests="1" failures="0" timestamp="02 Dec 2021 06:09:44 GMT" time="126.221" errors="0">
  <testcase name="testCheckout" time="126.221" classname="com.mertyazilim.tests.CheckoutWithSignIN"/>
</testsuite> <!-- com.mertyazilim.tests.CheckoutWithSignIN -->
