<?xml version="1.0" encoding="UTF-8"?>
<!-- Generated by org.testng.reporters.JUnitReportReporter -->
<testsuite skipped="0" hostname="DESKTOP-NUGJHN9" name="com.mertyazilim.tests.AltMenuTest" tests="1" failures="0" timestamp="2021-12-04T18:44:03 EET" time="39.810" errors="0">
  <testcase name="testAltMenu" time="39.810" classname="com.mertyazilim.tests.AltMenuTest"/>
  <system-out/>
</testsuite> <!-- com.mertyazilim.tests.AltMenuTest -->
