<?xml version="1.0" encoding="UTF-8"?>
<!-- Generated by org.testng.reporters.JUnitReportReporter -->
<testsuite skipped="0" hostname="DESKTOP-NUGJHN9" name="com.mertyazilim.tests.FiltrelemeTest" tests="7" failures="0" timestamp="2021-12-04T18:59:28 EET" time="313.590" errors="0">
  <testcase name="testFiltreleme" time="44.185" classname="com.mertyazilim.tests.FiltrelemeTest"/>
  <system-out/>
  <testcase name="testFiltreleme" time="43.233" classname="com.mertyazilim.tests.FiltrelemeTest"/>
  <system-out/>
  <testcase name="testFiltreleme" time="42.513" classname="com.mertyazilim.tests.FiltrelemeTest"/>
  <system-out/>
  <testcase name="testFiltreleme" time="51.515" classname="com.mertyazilim.tests.FiltrelemeTest"/>
  <system-out/>
  <testcase name="testFiltreleme" time="43.783" classname="com.mertyazilim.tests.FiltrelemeTest"/>
  <system-out/>
  <testcase name="testFiltreleme" time="49.721" classname="com.mertyazilim.tests.FiltrelemeTest"/>
  <system-out/>
  <testcase name="testFiltreleme" time="38.640" classname="com.mertyazilim.tests.FiltrelemeTest"/>
  <system-out/>
</testsuite> <!-- com.mertyazilim.tests.FiltrelemeTest -->
