<?xml version="1.0" encoding="UTF-8"?>
<!-- Generated by org.testng.reporters.JUnitReportReporter -->
<testsuite skipped="0" hostname="DESKTOP-NUGJHN9" name="com.mertyazilim.tests.ListViewTest" tests="1" failures="0" timestamp="2021-12-04T18:39:48 EET" time="66.084" errors="0">
  <testcase name="testAltMenu" time="66.084" classname="com.mertyazilim.tests.ListViewTest"/>
  <system-out/>
</testsuite> <!-- com.mertyazilim.tests.ListViewTest -->
