<?xml version="1.0" encoding="UTF-8"?>
<!-- Generated by org.testng.reporters.JUnitReportReporter -->
<testsuite skipped="0" hostname="DESKTOP-NUGJHN9" name="com.mertyazilim.tests.CheckoutWithSignUP" tests="1" failures="0" timestamp="2021-12-04T19:06:09 EET" time="204.574" errors="0">
  <testcase name="testCheckout" time="204.574" classname="com.mertyazilim.tests.CheckoutWithSignUP"/>
  <system-out/>
</testsuite> <!-- com.mertyazilim.tests.CheckoutWithSignUP -->
