<?xml version="1.0" encoding="UTF-8"?>
<!-- Generated by org.testng.reporters.JUnitReportReporter -->
<testsuite skipped="0" hostname="DESKTOP-NUGJHN9" name="com.mertyazilim.tests.AddToCart" tests="1" failures="0" timestamp="2021-12-04T18:48:57 EET" time="72.736" errors="0">
  <testcase name="testAltMenu" time="72.736" classname="com.mertyazilim.tests.AddToCart"/>
  <system-out/>
</testsuite> <!-- com.mertyazilim.tests.AddToCart -->
