<?xml version="1.0" encoding="UTF-8"?>
<!-- Generated by org.testng.reporters.JUnitReportReporter -->
<testsuite skipped="0" hostname="DESKTOP-NUGJHN9" name="com.mertyazilim.tests.ShopPageTest" tests="3" failures="0" timestamp="28 Nov 2021 21:11:28 GMT" time="41.435" errors="0">
  <testcase name="testApplyingSortOrder" time="12.759" classname="com.mertyazilim.tests.ShopPageTest"/>
  <testcase name="testApplyingSortOrder" time="16.671" classname="com.mertyazilim.tests.ShopPageTest"/>
  <testcase name="testApplyingSortOrder" time="12.005" classname="com.mertyazilim.tests.ShopPageTest"/>
</testsuite> <!-- com.mertyazilim.tests.ShopPageTest -->
