<?xml version="1.0" encoding="UTF-8"?>
<!-- Generated by org.testng.reporters.JUnitReportReporter -->
<testsuite skipped="0" hostname="DESKTOP-NUGJHN9" name="com.mertyazilim.tests.HomeWorkMuhtelifTest" tests="1" failures="0" timestamp="01 Dec 2021 16:56:45 GMT" time="39.138" errors="0">
  <testcase name="testAltMenu" time="39.138" classname="com.mertyazilim.tests.HomeWorkMuhtelifTest"/>
</testsuite> <!-- com.mertyazilim.tests.HomeWorkMuhtelifTest -->
