<?xml version="1.0" encoding="UTF-8"?>
<!-- Generated by org.testng.reporters.JUnitReportReporter -->
<testsuite skipped="0" hostname="DESKTOP-NUGJHN9" name="com.mertyazilim.tests.LoginTest" tests="3" failures="0" timestamp="28 Nov 2021 09:38:32 GMT" time="47.812" errors="0">
  <testcase name="testSuccessfulLogin" time="17.664" classname="com.mertyazilim.tests.LoginTest"/>
  <testcase name="testSuccessfulLogin" time="14.770" classname="com.mertyazilim.tests.LoginTest"/>
  <testcase name="testSuccessfulLogin" time="15.378" classname="com.mertyazilim.tests.LoginTest"/>
</testsuite> <!-- com.mertyazilim.tests.LoginTest -->
