<?xml version="1.0" encoding="UTF-8"?>
<!-- Generated by org.testng.reporters.JUnitReportReporter -->
<testsuite skipped="0" hostname="DESKTOP-NUGJHN9" name="com.mertyazilim.tests.AddToCart" tests="1" failures="0" timestamp="01 Dec 2021 18:31:05 GMT" time="67.516" errors="0">
  <testcase name="testAltMenu" time="67.516" classname="com.mertyazilim.tests.AddToCart"/>
</testsuite> <!-- com.mertyazilim.tests.AddToCart -->
