<?xml version="1.0" encoding="UTF-8"?>
<!-- Generated by org.testng.reporters.JUnitReportReporter -->
<testsuite skipped="0" hostname="DESKTOP-NUGJHN9" name="com.mertyazilim.tests.ListViewTest" tests="1" failures="0" timestamp="01 Dec 2021 17:06:12 GMT" time="61.706" errors="0">
  <testcase name="testAltMenu" time="61.706" classname="com.mertyazilim.tests.ListViewTest"/>
</testsuite> <!-- com.mertyazilim.tests.ListViewTest -->
