<?xml version="1.0" encoding="UTF-8"?>
<!-- Generated by org.testng.reporters.JUnitReportReporter -->
<testsuite skipped="0" hostname="DESKTOP-NUGJHN9" name="com.mertyazilim.tests.CheckoutWithSignUp" tests="1" failures="0" timestamp="01 Dec 2021 21:23:11 GMT" time="369.912" errors="0">
  <testcase name="testAltMenu" time="369.912" classname="com.mertyazilim.tests.CheckoutWithSignUp"/>
</testsuite> <!-- com.mertyazilim.tests.CheckoutWithSignUp -->
