<?xml version="1.0" encoding="UTF-8"?>
<!-- Generated by org.testng.reporters.JUnitReportReporter -->
<testsuite skipped="0" hostname="DESKTOP-NUGJHN9" name="com.mertyazilim.tests.LoginTest" tests="3" failures="0" timestamp="2021-12-04T18:16:00 EET" time="67.193" errors="0">
  <testcase name="testSuccessfulLogin" time="24.094" classname="com.mertyazilim.tests.LoginTest"/>
  <system-out/>
  <testcase name="testSuccessfulLogin" time="22.536" classname="com.mertyazilim.tests.LoginTest"/>
  <system-out/>
  <testcase name="testSuccessfulLogin" time="20.563" classname="com.mertyazilim.tests.LoginTest"/>
  <system-out/>
</testsuite> <!-- com.mertyazilim.tests.LoginTest -->
